Unity Editor version:    2020.3.26f1 (7298b473bc1a)
Branch:                  2020.3/staging
Build type:              Release
Batch mode:              YES
macOS version:           Version 12.0.1 (Build 21A559)
Darwin version:          21.1.0
Architecture:            x86_64
Running under Rosetta:   YES
Available memory:        16384 MB
Using pre-set license
Pro License: NO

COMMAND LINE ARGUMENTS:
/Applications/Unity/Hub/Editor/2020.3.26f1/Unity.app/Contents/MacOS/Unity
-adb2
-batchMode
-noUpm
-name
AssetImportWorker0
-projectPath
/Users/ito/Downloads/HumanAnimation
-logFile
Logs/AssetImportWorker0.log
-srvPort
53197
Successfully changed project path to: /Users/ito/Downloads/HumanAnimation
/Users/ito/Downloads/HumanAnimation
Using Asset Import Pipeline V2.
Refreshing native plugins compatible for Editor in 42.10 ms, found 3 plugins.
Preloading 0 native plugins for Editor in 0.00 ms.
Initialize engine version: 2020.3.26f1 (7298b473bc1a)
[Subsystems] Discovering subsystems at path /Applications/Unity/Hub/Editor/2020.3.26f1/Unity.app/Contents/Resources/UnitySubsystems
[Subsystems] Discovering subsystems at path /Users/ito/Downloads/HumanAnimation/Assets
GfxDevice: creating device client; threaded=0
2022-01-15 14:53:31.443 Unity[22730:551119] (null) preferred device: Apple M1 (high power)
2022-01-15 14:53:31.443 Unity[22730:551119] Metal devices available: 1
2022-01-15 14:53:31.443 Unity[22730:551119] 0: Apple M1 (high power)
2022-01-15 14:53:31.444 Unity[22730:551119] Using device Apple M1 (high power)
Initializing Metal device caps: Apple M1
Initialize mono
Mono path[0] = '/Applications/Unity/Hub/Editor/2020.3.26f1/Unity.app/Contents/Managed'
Mono path[1] = '/Applications/Unity/Hub/Editor/2020.3.26f1/Unity.app/Contents/MonoBleedingEdge/lib/mono/unityjit'
Mono config path = '/Applications/Unity/Hub/Editor/2020.3.26f1/Unity.app/Contents/MonoBleedingEdge/etc'
Using monoOptions --debugger-agent=transport=dt_socket,embedding=1,server=y,suspend=n,address=127.0.0.1:56730
Begin MonoManager ReloadAssembly
Registering precompiled unity dll's ...
Register platform support module: /Applications/Unity/Hub/Editor/2020.3.26f1/PlaybackEngines/WebGLSupport/UnityEditor.WebGL.Extensions.dll
Register platform support module: /Applications/Unity/Hub/Editor/2020.3.26f1/Unity.app/Contents/PlaybackEngines/MacStandaloneSupport/UnityEditor.OSXStandalone.Extensions.dll
Registered in 0.000539 seconds.
Native extension for OSXStandalone target not found
Native extension for WebGL target not found
Refreshing native plugins compatible for Editor in 42.51 ms, found 3 plugins.
Preloading 0 native plugins for Editor in 0.00 ms.
Mono: successfully reloaded assembly
- Completed reload, in  1.254 seconds
Domain Reload Profiling:
	ReloadAssembly (1254ms)
		BeginReloadAssembly (82ms)
			ExecutionOrderSort (0ms)
			DisableScriptedObjects (0ms)
			BackupInstance (0ms)
			ReleaseScriptingObjects (0ms)
			CreateAndSetChildDomain (3ms)
		EndReloadAssembly (1046ms)
			LoadAssemblies (81ms)
			RebuildTransferFunctionScriptingTraits (0ms)
			SetupTypeCache (197ms)
			ReleaseScriptCaches (0ms)
			RebuildScriptCaches (43ms)
			SetupLoadedEditorAssemblies (528ms)
				LogAssemblyErrors (0ms)
				InitializePlatformSupportModulesInManaged (14ms)
				SetLoadedEditorAssemblies (1ms)
				RefreshPlugins (43ms)
				BeforeProcessingInitializeOnLoad (92ms)
				ProcessInitializeOnLoadAttributes (280ms)
				ProcessInitializeOnLoadMethodAttributes (99ms)
				AfterProcessingInitializeOnLoad (0ms)
				EditorAssembliesLoaded (1ms)
			ExecutionOrderSort2 (0ms)
			AwakeInstancesAfterBackupRestoration (0ms)
Platform modules already initialized, skipping
Registering precompiled user dll's ...
Registered in 0.001420 seconds.
Begin MonoManager ReloadAssembly
Native extension for OSXStandalone target not found
Native extension for WebGL target not found
Refreshing native plugins compatible for Editor in 41.66 ms, found 3 plugins.
Preloading 0 native plugins for Editor in 0.00 ms.
Mono: successfully reloaded assembly
- Completed reload, in  2.205 seconds
Domain Reload Profiling:
	ReloadAssembly (2206ms)
		BeginReloadAssembly (239ms)
			ExecutionOrderSort (0ms)
			DisableScriptedObjects (29ms)
			BackupInstance (0ms)
			ReleaseScriptingObjects (0ms)
			CreateAndSetChildDomain (30ms)
		EndReloadAssembly (1879ms)
			LoadAssemblies (182ms)
			RebuildTransferFunctionScriptingTraits (0ms)
			SetupTypeCache (337ms)
			ReleaseScriptCaches (0ms)
			RebuildScriptCaches (55ms)
			SetupLoadedEditorAssemblies (1006ms)
				LogAssemblyErrors (0ms)
				InitializePlatformSupportModulesInManaged (11ms)
				SetLoadedEditorAssemblies (0ms)
				RefreshPlugins (42ms)
				BeforeProcessingInitializeOnLoad (170ms)
				ProcessInitializeOnLoadAttributes (736ms)
				ProcessInitializeOnLoadMethodAttributes (46ms)
				AfterProcessingInitializeOnLoad (1ms)
				EditorAssembliesLoaded (0ms)
			ExecutionOrderSort2 (0ms)
			AwakeInstancesAfterBackupRestoration (34ms)
Platform modules already initialized, skipping
Validating Project structure ... 0.000100 seconds.
Shader import version has changed; will reimport all shaders...
Upgrading shader files ...0.000122 seconds.
Application.AssetDatabase Initial Script Refresh Start
RefreshInfo: InitialScriptRefreshV2(NoUpdateAssetOptions) scanfilter:  ... 1 filters
RefreshProfiler: Total: 0.000ms
Application.AssetDatabase Initial Script Refresh End
Application.AssetDatabase.Refresh Start
Application.AssetDatabase.Refresh End
RefreshInfo: StopAssetImportingV2(ForceSynchronousImport) scanfilter: 
RefreshProfiler: Total: 0.000ms
Launching external process: /Applications/Unity/Hub/Editor/2020.3.26f1/Unity.app/Contents/Tools/UnityShaderCompiler
Launched and connected shader compiler UnityShaderCompiler after 0.02 seconds
Initializing Unity extensions:
2022-01-15 14:53:35.927 Unity[22730:551119] NSEventModifierFlagFunction specified to -setKeyEquivalentModifierMask: for item <NSMenuItem: 0x6000006d3cd0 Font Asset, ke='Command-F12'>, but is only supported for system-provided menu items; will not be used
2022-01-15 14:53:35.930 Unity[22730:551119] NSEventModifierFlagFunction specified to -setKeyEquivalentModifierMask: for item <NSMenuItem: 0x6000006c4e00 Font Asset, ke='Command-F12'>, but is only supported for system-provided menu items; will not be used
========================================================================
Worker process is ready to serve import requests
Refreshing native plugins compatible for Editor in 0.27 ms, found 3 plugins.
Preloading 0 native plugins for Editor in 0.00 ms.
Unloading 2198 Unused Serialized files (Serialized files now loaded: 0)
System memory in use before: 226.8 MB.
System memory in use after: 226.1 MB.

Unloading 101 unused Assets to reduce memory usage. Loaded Objects now: 2670.
Total: 2.690500 ms (FindLiveObjects: 0.120708 ms CreateObjectMapping: 0.045167 ms MarkObjects: 2.112875 ms  DeleteObjects: 0.410667 ms)

AssetImportParameters requested are different than current active one (requested -> active):
  custom:video-decoder-ogg-theora: a1e56fd34408186e4bbccfd4996cb3dc -> 
  custom:container-muxer-webm: aa71ff27fc2769a1b78a27578f13a17b -> 
  custom:container-demuxer-webm: 4f35f7cbe854078d1ac9338744f61a02 -> 
  custom:container-demuxer-ogg: 62fdf1f143b41e24485cea50d1cbac27 -> 
  custom:video-encoder-webm-vp8: eb34c28f22e8b96e1ab97ce403110664 -> 
  custom:framework-osx-AVFoundation: e770b220cccbd017edd2c1fefb359320 -> 
  custom:video-decoder-webm-vp8: 9c59270c3fd7afecdb556c50c9e8de78 -> 
  custom:audio-decoder-ogg-vorbis: bf7c407c2cedff20999df2af8eb42d56 -> 
  custom:audio-encoder-webm-vorbis: bf7c407c2cedff20999df2af8eb42d56 -> 
========================================================================
Received Import Request.
  path: Assets/Scenes
  artifactKey: Guid(7dfe57b0ffad0244182815aae6e5e459) Importer(815301076,1909f56bfc062723c751e8b465ee728b)
Start importing Assets/Scenes using Guid(7dfe57b0ffad0244182815aae6e5e459) Importer(815301076,1909f56bfc062723c751e8b465ee728b)  -> (artifact id: '6c52b59b0e8dd54c71201fc269935a52') in 0.005932 seconds 
  Import took 0.008318 seconds .

========================================================================
Received Import Request.
  Time since last request: 3279.969374 seconds.
  path: Assets/Human.psb
  artifactKey: Guid(1925dce1fa18ff94aab08a56a552a1b8) Importer(815301076,1909f56bfc062723c751e8b465ee728b)
Start importing Assets/Human.psb using Guid(1925dce1fa18ff94aab08a56a552a1b8) Importer(815301076,1909f56bfc062723c751e8b465ee728b)  -> (artifact id: '606452d7de90e5572cf9e357f4993e3f') in 0.686743 seconds 
  Import took 0.691971 seconds .

========================================================================
Received Import Request.
  Time since last request: 1312.351710 seconds.
  path: Assets/New Sprite Library Asset.asset
  artifactKey: Guid(b76baa305ed7345ea870c8502d4ed458) Importer(815301076,1909f56bfc062723c751e8b465ee728b)
Start importing Assets/New Sprite Library Asset.asset using Guid(b76baa305ed7345ea870c8502d4ed458) Importer(815301076,1909f56bfc062723c751e8b465ee728b)  -> (artifact id: 'f92df5c303a9fbe47ae30d66df349ad8') in 0.066730 seconds 
  Import took 0.070810 seconds .

========================================================================
Received Import Request.
  Time since last request: 22.721531 seconds.
  path: Assets/Human.asset
  artifactKey: Guid(b76baa305ed7345ea870c8502d4ed458) Importer(815301076,1909f56bfc062723c751e8b465ee728b)
Start importing Assets/Human.asset using Guid(b76baa305ed7345ea870c8502d4ed458) Importer(815301076,1909f56bfc062723c751e8b465ee728b)  -> (artifact id: 'cbbe898600eb49617568dc47acace580') in 0.001855 seconds 
  Import took 0.004384 seconds .

========================================================================
Received Import Request.
  Time since last request: 2052.386531 seconds.
  path: Assets/Human.psb
  artifactKey: Guid(1925dce1fa18ff94aab08a56a552a1b8) Importer(815301076,1909f56bfc062723c751e8b465ee728b)
Start importing Assets/Human.psb using Guid(1925dce1fa18ff94aab08a56a552a1b8) Importer(815301076,1909f56bfc062723c751e8b465ee728b)  -> (artifact id: '67ab13e0a1c41486cdc25d896d26772b') in 0.100499 seconds 
  Import took 0.103612 seconds .

========================================================================
Received Import Request.
  Time since last request: 73.234588 seconds.
  path: Assets/Human.psb
  artifactKey: Guid(1925dce1fa18ff94aab08a56a552a1b8) Importer(815301076,1909f56bfc062723c751e8b465ee728b)
Start importing Assets/Human.psb using Guid(1925dce1fa18ff94aab08a56a552a1b8) Importer(815301076,1909f56bfc062723c751e8b465ee728b)  -> (artifact id: '6a8bc2bcfc5859f226f2c9449a9ab0a9') in 0.101536 seconds 
  Import took 0.105174 seconds .

========================================================================
Received Import Request.
  Time since last request: 10407.808209 seconds.
  path: Assets/Walk.anim
  artifactKey: Guid(53107bde124dc45258639014bc409239) Importer(815301076,1909f56bfc062723c751e8b465ee728b)
Start importing Assets/Walk.anim using Guid(53107bde124dc45258639014bc409239) Importer(815301076,1909f56bfc062723c751e8b465ee728b)  -> (artifact id: '55326ad52ae09ac0ecad88c51ff40e99') in 0.052635 seconds 
  Import took 0.056913 seconds .

========================================================================
Received Import Request.
  Time since last request: 334.888919 seconds.
  path: Assets/Human.asset
  artifactKey: Guid(b76baa305ed7345ea870c8502d4ed458) Importer(815301076,1909f56bfc062723c751e8b465ee728b)
Start importing Assets/Human.asset using Guid(b76baa305ed7345ea870c8502d4ed458) Importer(815301076,1909f56bfc062723c751e8b465ee728b)  -> (artifact id: '1b0eed9a990fea6ce58dfc45d4a948c8') in 0.004599 seconds 
  Import took 0.008209 seconds .

========================================================================
Received Import Request.
  Time since last request: 56.978023 seconds.
  path: Assets/HumanController.controller
  artifactKey: Guid(c2a473f27cf104eb6a25a4078434b040) Importer(815301076,1909f56bfc062723c751e8b465ee728b)
Start importing Assets/HumanController.controller using Guid(c2a473f27cf104eb6a25a4078434b040) Importer(815301076,1909f56bfc062723c751e8b465ee728b)  -> (artifact id: 'f368644ffbab729a3039bd8a85058e4c') in 0.058348 seconds 
  Import took 0.062895 seconds .

========================================================================
Received Import Request.
  Time since last request: 124.013935 seconds.
  path: Assets/Human.controller
  artifactKey: Guid(b239e793f3f4944db901e4d71f2fd313) Importer(815301076,1909f56bfc062723c751e8b465ee728b)
Start importing Assets/Human.controller using Guid(b239e793f3f4944db901e4d71f2fd313) Importer(815301076,1909f56bfc062723c751e8b465ee728b)  -> (artifact id: 'e019a7661e1b9769a7e91417145a7ead') in 0.002147 seconds 
  Import took 0.004987 seconds .

========================================================================
Received Prepare
Registering precompiled user dll's ...
Registered in 0.002133 seconds.
Begin MonoManager ReloadAssembly
Native extension for OSXStandalone target not found
Native extension for WebGL target not found
Refreshing native plugins compatible for Editor in 0.40 ms, found 3 plugins.
Preloading 0 native plugins for Editor in 0.00 ms.
2022-01-16 23:25:29.345 Unity[22730:551119] NSEventModifierFlagFunction specified to -setKeyEquivalentModifierMask: for item <NSMenuItem: 0x6000006c6300 Font Asset, ke='Command-F12'>, but is only supported for system-provided menu items; will not be used
Mono: successfully reloaded assembly
- Completed reload, in  2.127 seconds
Domain Reload Profiling:
	ReloadAssembly (2128ms)
		BeginReloadAssembly (197ms)
			ExecutionOrderSort (0ms)
			DisableScriptedObjects (34ms)
			BackupInstance (0ms)
			ReleaseScriptingObjects (0ms)
			CreateAndSetChildDomain (64ms)
		EndReloadAssembly (1845ms)
			LoadAssemblies (168ms)
			RebuildTransferFunctionScriptingTraits (0ms)
			SetupTypeCache (330ms)
			ReleaseScriptCaches (1ms)
			RebuildScriptCaches (51ms)
			SetupLoadedEditorAssemblies (1030ms)
				LogAssemblyErrors (0ms)
				InitializePlatformSupportModulesInManaged (15ms)
				SetLoadedEditorAssemblies (2ms)
				RefreshPlugins (0ms)
				BeforeProcessingInitializeOnLoad (238ms)
				ProcessInitializeOnLoadAttributes (738ms)
				ProcessInitializeOnLoadMethodAttributes (35ms)
				AfterProcessingInitializeOnLoad (1ms)
				EditorAssembliesLoaded (0ms)
			ExecutionOrderSort2 (0ms)
			AwakeInstancesAfterBackupRestoration (39ms)
Platform modules already initialized, skipping
Refreshing native plugins compatible for Editor in 0.37 ms, found 3 plugins.
Preloading 0 native plugins for Editor in 0.00 ms.
Unloading 2186 Unused Serialized files (Serialized files now loaded: 0)
System memory in use before: 241.8 MB.
System memory in use after: 241.9 MB.

Unloading 18 unused Assets to reduce memory usage. Loaded Objects now: 2699.
Total: 2.207625 ms (FindLiveObjects: 0.092083 ms CreateObjectMapping: 0.044875 ms MarkObjects: 2.050208 ms  DeleteObjects: 0.019625 ms)

AssetImportParameters requested are different than current active one (requested -> active):
  custom:video-decoder-ogg-theora: a1e56fd34408186e4bbccfd4996cb3dc -> 
  custom:container-muxer-webm: aa71ff27fc2769a1b78a27578f13a17b -> 
  custom:container-demuxer-webm: 4f35f7cbe854078d1ac9338744f61a02 -> 
  custom:container-demuxer-ogg: 62fdf1f143b41e24485cea50d1cbac27 -> 
  custom:video-encoder-webm-vp8: eb34c28f22e8b96e1ab97ce403110664 -> 
  custom:framework-osx-AVFoundation: e770b220cccbd017edd2c1fefb359320 -> 
  custom:video-decoder-webm-vp8: 9c59270c3fd7afecdb556c50c9e8de78 -> 
  custom:audio-decoder-ogg-vorbis: bf7c407c2cedff20999df2af8eb42d56 -> 
  custom:audio-encoder-webm-vorbis: bf7c407c2cedff20999df2af8eb42d56 -> 
========================================================================
Received Prepare
Registering precompiled user dll's ...
Registered in 0.001499 seconds.
Begin MonoManager ReloadAssembly
Native extension for OSXStandalone target not found
Native extension for WebGL target not found
Refreshing native plugins compatible for Editor in 0.38 ms, found 3 plugins.
Preloading 0 native plugins for Editor in 0.00 ms.
2022-01-16 23:25:45.319 Unity[22730:551119] NSEventModifierFlagFunction specified to -setKeyEquivalentModifierMask: for item <NSMenuItem: 0x600000680150 Font Asset, ke='Command-F12'>, but is only supported for system-provided menu items; will not be used
Mono: successfully reloaded assembly
- Completed reload, in  2.103 seconds
Domain Reload Profiling:
	ReloadAssembly (2104ms)
		BeginReloadAssembly (203ms)
			ExecutionOrderSort (0ms)
			DisableScriptedObjects (36ms)
			BackupInstance (0ms)
			ReleaseScriptingObjects (0ms)
			CreateAndSetChildDomain (65ms)
		EndReloadAssembly (1813ms)
			LoadAssemblies (169ms)
			RebuildTransferFunctionScriptingTraits (0ms)
			SetupTypeCache (308ms)
			ReleaseScriptCaches (1ms)
			RebuildScriptCaches (47ms)
			SetupLoadedEditorAssemblies (1040ms)
				LogAssemblyErrors (0ms)
				InitializePlatformSupportModulesInManaged (14ms)
				SetLoadedEditorAssemblies (2ms)
				RefreshPlugins (0ms)
				BeforeProcessingInitializeOnLoad (239ms)
				ProcessInitializeOnLoadAttributes (746ms)
				ProcessInitializeOnLoadMethodAttributes (37ms)
				AfterProcessingInitializeOnLoad (1ms)
				EditorAssembliesLoaded (0ms)
			ExecutionOrderSort2 (0ms)
			AwakeInstancesAfterBackupRestoration (40ms)
Platform modules already initialized, skipping
Refreshing native plugins compatible for Editor in 0.47 ms, found 3 plugins.
Preloading 0 native plugins for Editor in 0.00 ms.
Unloading 2186 Unused Serialized files (Serialized files now loaded: 0)
System memory in use before: 242.0 MB.
System memory in use after: 242.1 MB.

Unloading 17 unused Assets to reduce memory usage. Loaded Objects now: 2701.
Total: 2.125125 ms (FindLiveObjects: 0.098375 ms CreateObjectMapping: 0.040667 ms MarkObjects: 1.962166 ms  DeleteObjects: 0.023250 ms)

AssetImportParameters requested are different than current active one (requested -> active):
  custom:video-decoder-ogg-theora: a1e56fd34408186e4bbccfd4996cb3dc -> 
  custom:container-muxer-webm: aa71ff27fc2769a1b78a27578f13a17b -> 
  custom:container-demuxer-webm: 4f35f7cbe854078d1ac9338744f61a02 -> 
  custom:container-demuxer-ogg: 62fdf1f143b41e24485cea50d1cbac27 -> 
  custom:video-encoder-webm-vp8: eb34c28f22e8b96e1ab97ce403110664 -> 
  custom:framework-osx-AVFoundation: e770b220cccbd017edd2c1fefb359320 -> 
  custom:video-decoder-webm-vp8: 9c59270c3fd7afecdb556c50c9e8de78 -> 
  custom:audio-decoder-ogg-vorbis: bf7c407c2cedff20999df2af8eb42d56 -> 
  custom:audio-encoder-webm-vorbis: bf7c407c2cedff20999df2af8eb42d56 -> 
